<?xml version="1.0" encoding="UTF-8"?>
<!-- Generated by org.testng.reporters.JUnitReportReporter -->
<testsuite hostname="IN-5FXY9K3" failures="0" tests="1" name="TestCases.Booking_Creation_TC" time="2.094" errors="0" timestamp="12 Sep 2023 13:44:49 GMT" skipped="0">
  <testcase classname="TestCases.Booking_Creation_TC" name="create_booking" time="2.094"/>
</testsuite> <!-- TestCases.Booking_Creation_TC -->
