<?xml version="1.0" encoding="UTF-8"?>
<!-- Generated by org.testng.reporters.JUnitReportReporter -->
<testsuite hostname="IN-PG03526A" failures="0" tests="1" name="TestCases.Create_Token_TC" time="2.735" errors="0" timestamp="11 Sep 2023 21:16:12 GMT" skipped="0">
  <testcase classname="TestCases.Create_Token_TC" name="create_token" time="2.735"/>
</testsuite> <!-- TestCases.Create_Token_TC -->
