<?xml version="1.0" encoding="UTF-8"?>
<!-- Generated by org.testng.reporters.JUnitReportReporter -->
<testsuite hostname="IN-5FXY9K3" failures="0" tests="1" name="TestCases.Token_Creation_TC" time="3.511" errors="0" timestamp="12 Sep 2023 11:55:40 GMT" skipped="0">
  <testcase classname="TestCases.Token_Creation_TC" name="create_token" time="3.511"/>
</testsuite> <!-- TestCases.Token_Creation_TC -->
