<?xml version="1.0" encoding="UTF-8"?>
<!-- Generated by org.testng.reporters.JUnitReportReporter -->
<testsuite hostname="IN-5FXY9K3" failures="0" tests="1" name="TestCases.Booking_Updation_TC" time="1.629" errors="0" timestamp="12 Sep 2023 13:44:49 GMT" skipped="0">
  <testcase classname="TestCases.Booking_Updation_TC" name="update_booking" time="1.629"/>
</testsuite> <!-- TestCases.Booking_Updation_TC -->
