<?xml version="1.0" encoding="UTF-8"?>
<!-- Generated by org.testng.reporters.JUnitReportReporter -->
<testsuite hostname="IN-5FXY9K3" failures="0" tests="1" name="TestCases.Generate_Token_TC" time="3.950" errors="0" timestamp="12 Sep 2023 13:44:49 GMT" skipped="0">
  <testcase classname="TestCases.Generate_Token_TC" name="create_token" time="3.950"/>
</testsuite> <!-- TestCases.Generate_Token_TC -->
